2022-09-05 12:38:22,810 [Worker-1: Loading available Gradle versions] INFO  o.e.b.c.i.u.g.PublishedGradleVersions - Gradle version information cache is up-to-date. Trying to read.
2022-09-05 12:41:10,360 [Worker-8: Import Getting Started Content] INFO  o.e.m.c.i.l.LifecycleMappingFactory - Using org.eclipse.m2e.jdt.JarLifecycleMapping lifecycle mapping for MavenProject: com.wipro.velocity:eureka-server:0.0.1-SNAPSHOT @ D:\microservice-workspace\eureka-server\pom.xml.
2022-09-05 12:41:13,006 [Worker-8: Import Getting Started Content] INFO  o.e.m.c.i.e.AbstractTransferListenerAdapter - Downloading https://repo.maven.apache.org/maven2/org/springframework/security/spring-security-crypto/5.7.3/spring-security-crypto-5.7.3.pom
2022-09-05 12:41:13,600 [Worker-8: Import Getting Started Content] INFO  o.e.m.c.i.e.AbstractTransferListenerAdapter - Downloaded https://repo.maven.apache.org/maven2/org/springframework/security/spring-security-crypto/5.7.3/spring-security-crypto-5.7.3.pom
2022-09-05 12:41:15,637 [Worker-8: Import Getting Started Content] INFO  o.e.m.c.i.e.AbstractTransferListenerAdapter - Downloading https://repo.maven.apache.org/maven2/org/springframework/boot/spring-boot-starter-actuator/2.7.3/spring-boot-starter-actuator-2.7.3.pom
2022-09-05 12:41:15,825 [Worker-8: Import Getting Started Content] INFO  o.e.m.c.i.e.AbstractTransferListenerAdapter - Downloaded https://repo.maven.apache.org/maven2/org/springframework/boot/spring-boot-starter-actuator/2.7.3/spring-boot-starter-actuator-2.7.3.pom
2022-09-05 12:41:16,008 [Worker-8: Import Getting Started Content] INFO  o.e.m.c.i.e.AbstractTransferListenerAdapter - Downloading https://repo.maven.apache.org/maven2/org/springframework/boot/spring-boot-actuator-autoconfigure/2.7.3/spring-boot-actuator-autoconfigure-2.7.3.pom
2022-09-05 12:41:16,324 [Worker-8: Import Getting Started Content] INFO  o.e.m.c.i.e.AbstractTransferListenerAdapter - Downloaded https://repo.maven.apache.org/maven2/org/springframework/boot/spring-boot-actuator-autoconfigure/2.7.3/spring-boot-actuator-autoconfigure-2.7.3.pom
2022-09-05 12:41:16,500 [Worker-8: Import Getting Started Content] INFO  o.e.m.c.i.e.AbstractTransferListenerAdapter - Downloading https://repo.maven.apache.org/maven2/org/springframework/boot/spring-boot-actuator/2.7.3/spring-boot-actuator-2.7.3.pom
2022-09-05 12:41:16,677 [Worker-8: Import Getting Started Content] INFO  o.e.m.c.i.e.AbstractTransferListenerAdapter - Downloaded https://repo.maven.apache.org/maven2/org/springframework/boot/spring-boot-actuator/2.7.3/spring-boot-actuator-2.7.3.pom
2022-09-05 12:41:16,848 [Worker-8: Import Getting Started Content] INFO  o.e.m.c.i.e.AbstractTransferListenerAdapter - Downloading https://repo.maven.apache.org/maven2/io/micrometer/micrometer-core/1.9.3/micrometer-core-1.9.3.pom
2022-09-05 12:41:17,036 [Worker-8: Import Getting Started Content] INFO  o.e.m.c.i.e.AbstractTransferListenerAdapter - Downloaded https://repo.maven.apache.org/maven2/io/micrometer/micrometer-core/1.9.3/micrometer-core-1.9.3.pom
2022-09-05 12:41:17,216 [Worker-8: Import Getting Started Content] INFO  o.e.m.c.i.e.AbstractTransferListenerAdapter - Downloading https://repo.maven.apache.org/maven2/org/springframework/boot/spring-boot-starter-freemarker/2.7.3/spring-boot-starter-freemarker-2.7.3.pom
2022-09-05 12:41:17,392 [Worker-8: Import Getting Started Content] INFO  o.e.m.c.i.e.AbstractTransferListenerAdapter - Downloaded https://repo.maven.apache.org/maven2/org/springframework/boot/spring-boot-starter-freemarker/2.7.3/spring-boot-starter-freemarker-2.7.3.pom
2022-09-05 12:41:17,578 [Worker-8: Import Getting Started Content] INFO  o.e.m.c.i.e.AbstractTransferListenerAdapter - Downloading https://repo.maven.apache.org/maven2/org/springframework/spring-context-support/5.3.22/spring-context-support-5.3.22.pom
2022-09-05 12:41:17,748 [Worker-8: Import Getting Started Content] INFO  o.e.m.c.i.e.AbstractTransferListenerAdapter - Downloaded https://repo.maven.apache.org/maven2/org/springframework/spring-context-support/5.3.22/spring-context-support-5.3.22.pom
2022-09-05 12:41:17,949 [Worker-8: Import Getting Started Content] INFO  o.e.m.c.i.e.AbstractTransferListenerAdapter - Downloading https://repo.maven.apache.org/maven2/com/google/code/gson/gson/2.9.1/gson-2.9.1.pom
2022-09-05 12:41:18,134 [Worker-8: Import Getting Started Content] INFO  o.e.m.c.i.e.AbstractTransferListenerAdapter - Downloaded https://repo.maven.apache.org/maven2/com/google/code/gson/gson/2.9.1/gson-2.9.1.pom
2022-09-05 12:41:18,302 [Worker-8: Import Getting Started Content] INFO  o.e.m.c.i.e.AbstractTransferListenerAdapter - Downloading https://repo.maven.apache.org/maven2/com/google/code/gson/gson-parent/2.9.1/gson-parent-2.9.1.pom
2022-09-05 12:41:18,483 [Worker-8: Import Getting Started Content] INFO  o.e.m.c.i.e.AbstractTransferListenerAdapter - Downloaded https://repo.maven.apache.org/maven2/com/google/code/gson/gson-parent/2.9.1/gson-parent-2.9.1.pom
2022-09-05 12:41:18,760 [Worker-8: Import Getting Started Content] INFO  o.e.m.c.i.e.AbstractTransferListenerAdapter - Downloading https://repo.maven.apache.org/maven2/io/projectreactor/reactor-core/3.4.22/reactor-core-3.4.22.pom
2022-09-05 12:41:18,931 [Worker-8: Import Getting Started Content] INFO  o.e.m.c.i.e.AbstractTransferListenerAdapter - Downloaded https://repo.maven.apache.org/maven2/io/projectreactor/reactor-core/3.4.22/reactor-core-3.4.22.pom
2022-09-05 12:41:19,104 [Worker-8: Import Getting Started Content] INFO  o.e.m.c.i.e.AbstractTransferListenerAdapter - Downloading https://repo.maven.apache.org/maven2/org/springframework/boot/spring-boot-starter-cache/2.7.3/spring-boot-starter-cache-2.7.3.pom
2022-09-05 12:41:19,277 [Worker-8: Import Getting Started Content] INFO  o.e.m.c.i.e.AbstractTransferListenerAdapter - Downloaded https://repo.maven.apache.org/maven2/org/springframework/boot/spring-boot-starter-cache/2.7.3/spring-boot-starter-cache-2.7.3.pom
2022-09-05 12:41:20,771 [AetherRepositoryConnector-repo.maven.apache.org-0-3] INFO  o.e.m.c.i.e.AbstractTransferListenerAdapter - Downloading https://repo.maven.apache.org/maven2/org/springframework/boot/spring-boot-actuator/2.7.3/spring-boot-actuator-2.7.3.jar
2022-09-05 12:41:21,094 [AetherRepositoryConnector-repo.maven.apache.org-0-0] INFO  o.e.m.c.i.e.AbstractTransferListenerAdapter - Downloading https://repo.maven.apache.org/maven2/org/springframework/security/spring-security-crypto/5.7.3/spring-security-crypto-5.7.3.jar
2022-09-05 12:41:21,094 [AetherRepositoryConnector-repo.maven.apache.org-0-1] INFO  o.e.m.c.i.e.AbstractTransferListenerAdapter - Downloading https://repo.maven.apache.org/maven2/org/springframework/boot/spring-boot-starter-actuator/2.7.3/spring-boot-starter-actuator-2.7.3.jar
2022-09-05 12:41:21,094 [AetherRepositoryConnector-repo.maven.apache.org-0-2] INFO  o.e.m.c.i.e.AbstractTransferListenerAdapter - Downloading https://repo.maven.apache.org/maven2/org/springframework/boot/spring-boot-actuator-autoconfigure/2.7.3/spring-boot-actuator-autoconfigure-2.7.3.jar
2022-09-05 12:41:21,094 [AetherRepositoryConnector-repo.maven.apache.org-0-4] INFO  o.e.m.c.i.e.AbstractTransferListenerAdapter - Downloading https://repo.maven.apache.org/maven2/io/micrometer/micrometer-core/1.9.3/micrometer-core-1.9.3.jar
2022-09-05 12:41:21,503 [AetherRepositoryConnector-repo.maven.apache.org-0-1] INFO  o.e.m.c.i.e.AbstractTransferListenerAdapter - Downloaded https://repo.maven.apache.org/maven2/org/springframework/boot/spring-boot-starter-actuator/2.7.3/spring-boot-starter-actuator-2.7.3.jar
2022-09-05 12:41:21,735 [AetherRepositoryConnector-repo.maven.apache.org-0-0] INFO  o.e.m.c.i.e.AbstractTransferListenerAdapter - Downloaded https://repo.maven.apache.org/maven2/org/springframework/security/spring-security-crypto/5.7.3/spring-security-crypto-5.7.3.jar
2022-09-05 12:41:21,847 [AetherRepositoryConnector-repo.maven.apache.org-0-1] INFO  o.e.m.c.i.e.AbstractTransferListenerAdapter - Downloading https://repo.maven.apache.org/maven2/org/springframework/boot/spring-boot-starter-freemarker/2.7.3/spring-boot-starter-freemarker-2.7.3.jar
2022-09-05 12:41:22,386 [AetherRepositoryConnector-repo.maven.apache.org-0-0] INFO  o.e.m.c.i.e.AbstractTransferListenerAdapter - Downloading https://repo.maven.apache.org/maven2/org/springframework/spring-context-support/5.3.22/spring-context-support-5.3.22.jar
2022-09-05 12:41:23,426 [AetherRepositoryConnector-repo.maven.apache.org-0-2] INFO  o.e.m.c.i.e.AbstractTransferListenerAdapter - Downloaded https://repo.maven.apache.org/maven2/org/springframework/boot/spring-boot-actuator-autoconfigure/2.7.3/spring-boot-actuator-autoconfigure-2.7.3.jar
2022-09-05 12:41:23,426 [AetherRepositoryConnector-repo.maven.apache.org-0-1] INFO  o.e.m.c.i.e.AbstractTransferListenerAdapter - Downloaded https://repo.maven.apache.org/maven2/org/springframework/boot/spring-boot-starter-freemarker/2.7.3/spring-boot-starter-freemarker-2.7.3.jar
2022-09-05 12:41:23,594 [AetherRepositoryConnector-repo.maven.apache.org-0-2] INFO  o.e.m.c.i.e.AbstractTransferListenerAdapter - Downloading https://repo.maven.apache.org/maven2/com/google/code/gson/gson/2.9.1/gson-2.9.1.jar
2022-09-05 12:41:23,699 [AetherRepositoryConnector-repo.maven.apache.org-0-4] INFO  o.e.m.c.i.e.AbstractTransferListenerAdapter - Downloaded https://repo.maven.apache.org/maven2/io/micrometer/micrometer-core/1.9.3/micrometer-core-1.9.3.jar
2022-09-05 12:41:23,700 [AetherRepositoryConnector-repo.maven.apache.org-0-3] INFO  o.e.m.c.i.e.AbstractTransferListenerAdapter - Downloaded https://repo.maven.apache.org/maven2/org/springframework/boot/spring-boot-actuator/2.7.3/spring-boot-actuator-2.7.3.jar
2022-09-05 12:41:23,702 [AetherRepositoryConnector-repo.maven.apache.org-0-0] INFO  o.e.m.c.i.e.AbstractTransferListenerAdapter - Downloaded https://repo.maven.apache.org/maven2/org/springframework/spring-context-support/5.3.22/spring-context-support-5.3.22.jar
2022-09-05 12:41:23,761 [AetherRepositoryConnector-repo.maven.apache.org-0-1] INFO  o.e.m.c.i.e.AbstractTransferListenerAdapter - Downloading https://repo.maven.apache.org/maven2/io/projectreactor/reactor-core/3.4.22/reactor-core-3.4.22.jar
2022-09-05 12:41:24,429 [AetherRepositoryConnector-repo.maven.apache.org-0-4] INFO  o.e.m.c.i.e.AbstractTransferListenerAdapter - Downloading https://repo.maven.apache.org/maven2/org/springframework/boot/spring-boot-starter-cache/2.7.3/spring-boot-starter-cache-2.7.3.jar
2022-09-05 12:41:24,432 [AetherRepositoryConnector-repo.maven.apache.org-0-2] INFO  o.e.m.c.i.e.AbstractTransferListenerAdapter - Downloaded https://repo.maven.apache.org/maven2/com/google/code/gson/gson/2.9.1/gson-2.9.1.jar
2022-09-05 12:41:24,607 [AetherRepositoryConnector-repo.maven.apache.org-0-1] INFO  o.e.m.c.i.e.AbstractTransferListenerAdapter - Downloaded https://repo.maven.apache.org/maven2/io/projectreactor/reactor-core/3.4.22/reactor-core-3.4.22.jar
2022-09-05 12:41:24,774 [AetherRepositoryConnector-repo.maven.apache.org-0-4] INFO  o.e.m.c.i.e.AbstractTransferListenerAdapter - Downloaded https://repo.maven.apache.org/maven2/org/springframework/boot/spring-boot-starter-cache/2.7.3/spring-boot-starter-cache-2.7.3.jar
2022-09-05 12:41:28,943 [Worker-8: Import Getting Started Content] INFO  o.e.m.j.i.AbstractJavaProjectConfigurator - Adding source folder /eureka-server/src/main/java
2022-09-05 12:41:28,944 [Worker-8: Import Getting Started Content] INFO  o.e.m.j.i.AbstractJavaProjectConfigurator - Adding resource folder /eureka-server/src/main/resources
2022-09-05 12:41:28,960 [Worker-8: Import Getting Started Content] INFO  o.e.m.j.i.AbstractJavaProjectConfigurator - Adding resource folder /eureka-server/src/main/resources
2022-09-05 12:41:28,966 [Worker-8: Import Getting Started Content] INFO  o.e.m.j.i.AbstractJavaProjectConfigurator - Adding source folder /eureka-server/src/test/java
2022-09-05 12:41:30,819 [Worker-6: Download sources and javadoc] INFO  o.e.m.c.i.e.AbstractTransferListenerAdapter - Downloaded https://repo.maven.apache.org/maven2/org/springframework/cloud/spring-cloud-starter-netflix-eureka-server/3.1.3/spring-cloud-starter-netflix-eureka-server-3.1.3-javadoc.jar
2022-09-05 12:41:31,172 [Worker-6: Download sources and javadoc] ERROR o.e.m.j.internal.DownloadSourcesJob - Could not download javadoc for org.springframework.cloud:spring-cloud-starter-netflix-eureka-server:3.1.3
org.eclipse.core.runtime.CoreException: Could not resolve artifact org.springframework.cloud:spring-cloud-starter-netflix-eureka-server:jar:javadoc:3.1.3
	at org.eclipse.m2e.core.internal.embedder.MavenImpl.lambda$4(MavenImpl.java:828)
	at org.eclipse.m2e.core.internal.embedder.MavenExecutionContext.executeBare(MavenExecutionContext.java:182)
	at org.eclipse.m2e.core.internal.embedder.MavenExecutionContext.execute(MavenExecutionContext.java:117)
	at org.eclipse.m2e.core.internal.embedder.MavenExecutionContext.execute(MavenExecutionContext.java:103)
	at org.eclipse.m2e.core.internal.embedder.MavenImpl.resolve(MavenImpl.java:796)
	at org.eclipse.m2e.core.internal.embedder.MavenImpl.resolve(MavenImpl.java:773)
	at org.eclipse.m2e.jdt.internal.DownloadSourcesJob.download(DownloadSourcesJob.java:311)
	at org.eclipse.m2e.jdt.internal.DownloadSourcesJob.downloadAttachments(DownloadSourcesJob.java:297)
	at org.eclipse.m2e.jdt.internal.DownloadSourcesJob.downloadMaven(DownloadSourcesJob.java:255)
	at org.eclipse.m2e.jdt.internal.DownloadSourcesJob.downloadFilesAndPopulateToUpdate(DownloadSourcesJob.java:223)
	at org.eclipse.m2e.jdt.internal.DownloadSourcesJob.lambda$0(DownloadSourcesJob.java:152)
	at org.eclipse.m2e.core.internal.embedder.MavenExecutionContext.executeBare(MavenExecutionContext.java:182)
	at org.eclipse.m2e.core.internal.embedder.MavenExecutionContext.execute(MavenExecutionContext.java:156)
	at org.eclipse.m2e.core.internal.embedder.MavenExecutionContext.execute(MavenExecutionContext.java:103)
	at org.eclipse.m2e.core.internal.embedder.MavenImpl.execute(MavenImpl.java:1416)
	at org.eclipse.m2e.jdt.internal.DownloadSourcesJob.run(DownloadSourcesJob.java:152)
	at org.eclipse.core.internal.jobs.Worker.run(Worker.java:63)
2022-09-05 12:41:31,858 [Worker-6: Download sources and javadoc] INFO  o.e.m.c.i.e.AbstractTransferListenerAdapter - Downloading https://repo.maven.apache.org/maven2/org/springframework/security/spring-security-crypto/5.7.3/spring-security-crypto-5.7.3-sources.jar
2022-09-05 12:41:32,263 [Worker-6: Download sources and javadoc] INFO  o.e.m.c.i.e.AbstractTransferListenerAdapter - Downloaded https://repo.maven.apache.org/maven2/org/springframework/security/spring-security-crypto/5.7.3/spring-security-crypto-5.7.3-sources.jar
2022-09-05 12:41:32,268 [Worker-6: Download sources and javadoc] INFO  o.e.m.j.internal.DownloadSourcesJob - Downloaded sources for org.springframework.security:spring-security-crypto:5.7.3
2022-09-05 12:41:32,953 [Worker-6: Download sources and javadoc] INFO  o.e.m.c.i.e.AbstractTransferListenerAdapter - Downloading https://repo.maven.apache.org/maven2/org/springframework/boot/spring-boot-starter-actuator/2.7.3/spring-boot-starter-actuator-2.7.3-sources.jar
2022-09-05 12:41:33,290 [Worker-6: Download sources and javadoc] INFO  o.e.m.c.i.e.AbstractTransferListenerAdapter - Downloaded https://repo.maven.apache.org/maven2/org/springframework/boot/spring-boot-starter-actuator/2.7.3/spring-boot-starter-actuator-2.7.3-sources.jar
2022-09-05 12:41:33,328 [Worker-6: Download sources and javadoc] INFO  o.e.m.j.internal.DownloadSourcesJob - Downloaded sources for org.springframework.boot:spring-boot-starter-actuator:2.7.3
2022-09-05 12:41:33,995 [Worker-6: Download sources and javadoc] INFO  o.e.m.c.i.e.AbstractTransferListenerAdapter - Downloading https://repo.maven.apache.org/maven2/org/springframework/boot/spring-boot-actuator-autoconfigure/2.7.3/spring-boot-actuator-autoconfigure-2.7.3-sources.jar
2022-09-05 12:41:35,209 [Worker-6: Download sources and javadoc] INFO  o.e.m.c.i.e.AbstractTransferListenerAdapter - Downloaded https://repo.maven.apache.org/maven2/org/springframework/boot/spring-boot-actuator-autoconfigure/2.7.3/spring-boot-actuator-autoconfigure-2.7.3-sources.jar
2022-09-05 12:41:35,220 [Worker-6: Download sources and javadoc] INFO  o.e.m.j.internal.DownloadSourcesJob - Downloaded sources for org.springframework.boot:spring-boot-actuator-autoconfigure:2.7.3
2022-09-05 12:41:35,895 [Worker-6: Download sources and javadoc] INFO  o.e.m.c.i.e.AbstractTransferListenerAdapter - Downloading https://repo.maven.apache.org/maven2/org/springframework/boot/spring-boot-actuator/2.7.3/spring-boot-actuator-2.7.3-sources.jar
2022-09-05 12:41:36,693 [Worker-6: Download sources and javadoc] INFO  o.e.m.c.i.e.AbstractTransferListenerAdapter - Downloaded https://repo.maven.apache.org/maven2/org/springframework/boot/spring-boot-actuator/2.7.3/spring-boot-actuator-2.7.3-sources.jar
2022-09-05 12:41:36,698 [Worker-6: Download sources and javadoc] INFO  o.e.m.j.internal.DownloadSourcesJob - Downloaded sources for org.springframework.boot:spring-boot-actuator:2.7.3
2022-09-05 12:41:37,369 [Worker-6: Download sources and javadoc] INFO  o.e.m.c.i.e.AbstractTransferListenerAdapter - Downloading https://repo.maven.apache.org/maven2/io/micrometer/micrometer-core/1.9.3/micrometer-core-1.9.3-sources.jar
2022-09-05 12:41:38,737 [Worker-8: Import Getting Started Content] INFO  o.e.m.c.i.embedder.EclipseLogger - Using 'UTF-8' encoding to copy filtered resources.
2022-09-05 12:41:38,737 [Worker-8: Import Getting Started Content] INFO  o.e.m.c.i.embedder.EclipseLogger - Using 'UTF-8' encoding to copy filtered properties files.
2022-09-05 12:41:38,757 [Worker-8: Import Getting Started Content] INFO  o.e.m.c.i.embedder.EclipseLogger - Copying 1 resource
2022-09-05 12:41:38,776 [Worker-8: Import Getting Started Content] INFO  o.e.m.c.i.embedder.EclipseLogger - Copying 0 resource
2022-09-05 12:41:38,778 [Worker-8: Import Getting Started Content] INFO  o.e.m.c.i.embedder.EclipseLogger - Using 'UTF-8' encoding to copy filtered resources.
2022-09-05 12:41:38,778 [Worker-8: Import Getting Started Content] INFO  o.e.m.c.i.embedder.EclipseLogger - Using 'UTF-8' encoding to copy filtered properties files.
2022-09-05 12:41:38,779 [Worker-8: Import Getting Started Content] INFO  o.e.m.c.i.embedder.EclipseLogger - skip non existing resourceDirectory D:\microservice-workspace\eureka-server\src\test\resources
2022-09-05 12:41:38,837 [Worker-6: Download sources and javadoc] INFO  o.e.m.c.i.e.AbstractTransferListenerAdapter - Downloaded https://repo.maven.apache.org/maven2/io/micrometer/micrometer-core/1.9.3/micrometer-core-1.9.3-sources.jar
2022-09-05 12:41:38,849 [Worker-6: Download sources and javadoc] INFO  o.e.m.j.internal.DownloadSourcesJob - Downloaded sources for io.micrometer:micrometer-core:1.9.3
2022-09-05 12:41:39,524 [Worker-6: Download sources and javadoc] INFO  o.e.m.c.i.e.AbstractTransferListenerAdapter - Downloading https://repo.maven.apache.org/maven2/org/springframework/boot/spring-boot-starter-freemarker/2.7.3/spring-boot-starter-freemarker-2.7.3-sources.jar
2022-09-05 12:41:39,861 [Worker-6: Download sources and javadoc] INFO  o.e.m.c.i.e.AbstractTransferListenerAdapter - Downloaded https://repo.maven.apache.org/maven2/org/springframework/boot/spring-boot-starter-freemarker/2.7.3/spring-boot-starter-freemarker-2.7.3-sources.jar
2022-09-05 12:41:39,892 [Worker-6: Download sources and javadoc] INFO  o.e.m.j.internal.DownloadSourcesJob - Downloaded sources for org.springframework.boot:spring-boot-starter-freemarker:2.7.3
2022-09-05 12:41:40,586 [Worker-6: Download sources and javadoc] INFO  o.e.m.c.i.e.AbstractTransferListenerAdapter - Downloading https://repo.maven.apache.org/maven2/org/springframework/spring-context-support/5.3.22/spring-context-support-5.3.22-sources.jar
2022-09-05 12:41:41,290 [Worker-6: Download sources and javadoc] INFO  o.e.m.c.i.e.AbstractTransferListenerAdapter - Downloaded https://repo.maven.apache.org/maven2/org/springframework/spring-context-support/5.3.22/spring-context-support-5.3.22-sources.jar
2022-09-05 12:41:41,295 [Worker-6: Download sources and javadoc] INFO  o.e.m.j.internal.DownloadSourcesJob - Downloaded sources for org.springframework:spring-context-support:5.3.22
2022-09-05 12:41:41,973 [Worker-6: Download sources and javadoc] INFO  o.e.m.c.i.e.AbstractTransferListenerAdapter - Downloading https://repo.maven.apache.org/maven2/com/google/code/gson/gson/2.9.1/gson-2.9.1-sources.jar
2022-09-05 12:41:42,541 [Worker-6: Download sources and javadoc] INFO  o.e.m.c.i.e.AbstractTransferListenerAdapter - Downloaded https://repo.maven.apache.org/maven2/com/google/code/gson/gson/2.9.1/gson-2.9.1-sources.jar
2022-09-05 12:41:42,545 [Worker-6: Download sources and javadoc] INFO  o.e.m.j.internal.DownloadSourcesJob - Downloaded sources for com.google.code.gson:gson:2.9.1
2022-09-05 12:41:44,323 [Worker-6: Download sources and javadoc] INFO  o.e.m.c.i.e.AbstractTransferListenerAdapter - Downloading https://repo.maven.apache.org/maven2/io/projectreactor/reactor-core/3.4.22/reactor-core-3.4.22-sources.jar
2022-09-05 12:41:44,470 [Worker-8: Import Getting Started Content] INFO  o.e.m.c.i.p.ProjectConfigurationManager - Imported and configured 1 project(s) in 43 sec
2022-09-05 12:41:44,474 [Worker-8: Import Getting Started Content] INFO  o.e.m.c.i.p.ProjectConfigurationManager - Update started
2022-09-05 12:41:45,181 [Worker-8: Import Getting Started Content] INFO  o.e.m.c.i.l.LifecycleMappingFactory - Using org.eclipse.m2e.jdt.JarLifecycleMapping lifecycle mapping for MavenProject: com.wipro.velocity:eureka-server:0.0.1-SNAPSHOT @ D:\microservice-workspace\eureka-server\pom.xml.
2022-09-05 12:41:46,217 [Worker-6: Download sources and javadoc] INFO  o.e.m.c.i.e.AbstractTransferListenerAdapter - Downloaded https://repo.maven.apache.org/maven2/io/projectreactor/reactor-core/3.4.22/reactor-core-3.4.22-sources.jar
2022-09-05 12:41:46,220 [Worker-6: Download sources and javadoc] INFO  o.e.m.j.internal.DownloadSourcesJob - Downloaded sources for io.projectreactor:reactor-core:3.4.22
2022-09-05 12:41:47,172 [Worker-6: Download sources and javadoc] INFO  o.e.m.c.i.e.AbstractTransferListenerAdapter - Downloading https://repo.maven.apache.org/maven2/org/springframework/boot/spring-boot-starter-cache/2.7.3/spring-boot-starter-cache-2.7.3-sources.jar
2022-09-05 12:41:47,497 [Worker-6: Download sources and javadoc] INFO  o.e.m.c.i.e.AbstractTransferListenerAdapter - Downloaded https://repo.maven.apache.org/maven2/org/springframework/boot/spring-boot-starter-cache/2.7.3/spring-boot-starter-cache-2.7.3-sources.jar
2022-09-05 12:41:47,512 [Worker-8: Import Getting Started Content] INFO  o.e.m.j.i.AbstractJavaProjectConfigurator - Adding source folder /eureka-server/src/main/java
2022-09-05 12:41:47,512 [Worker-8: Import Getting Started Content] INFO  o.e.m.j.i.AbstractJavaProjectConfigurator - Adding resource folder /eureka-server/src/main/resources
2022-09-05 12:41:47,512 [Worker-8: Import Getting Started Content] INFO  o.e.m.j.i.AbstractJavaProjectConfigurator - Adding resource folder /eureka-server/src/main/resources
2022-09-05 12:41:47,512 [Worker-8: Import Getting Started Content] INFO  o.e.m.j.i.AbstractJavaProjectConfigurator - Adding source folder /eureka-server/src/test/java
2022-09-05 12:41:47,612 [Worker-6: Download sources and javadoc] INFO  o.e.m.j.internal.DownloadSourcesJob - Downloaded sources for org.springframework.boot:spring-boot-starter-cache:2.7.3
2022-09-05 12:41:51,528 [Worker-8: Import Getting Started Content] INFO  o.e.m.c.i.embedder.EclipseLogger - Using 'UTF-8' encoding to copy filtered resources.
2022-09-05 12:41:51,528 [Worker-8: Import Getting Started Content] INFO  o.e.m.c.i.embedder.EclipseLogger - Using 'UTF-8' encoding to copy filtered properties files.
2022-09-05 12:41:51,537 [Worker-8: Import Getting Started Content] INFO  o.e.m.c.i.embedder.EclipseLogger - Copying 1 resource
2022-09-05 12:41:51,570 [Worker-8: Import Getting Started Content] INFO  o.e.m.c.i.embedder.EclipseLogger - Copying 0 resource
2022-09-05 12:41:51,574 [Worker-8: Import Getting Started Content] INFO  o.e.m.c.i.embedder.EclipseLogger - Using 'UTF-8' encoding to copy filtered resources.
2022-09-05 12:41:51,575 [Worker-8: Import Getting Started Content] INFO  o.e.m.c.i.embedder.EclipseLogger - Using 'UTF-8' encoding to copy filtered properties files.
2022-09-05 12:41:51,575 [Worker-8: Import Getting Started Content] INFO  o.e.m.c.i.embedder.EclipseLogger - skip non existing resourceDirectory D:\microservice-workspace\eureka-server\src\test\resources
2022-09-05 12:41:53,439 [Worker-8: Import Getting Started Content] INFO  o.e.m.c.i.p.ProjectConfigurationManager - Update completed: 8 sec
2022-09-05 12:59:59,060 [Worker-35: Launching eureka-server - EurekaServerApplication] INFO  o.e.m.c.i.embedder.EclipseLogger - Using 'UTF-8' encoding to copy filtered resources.
2022-09-05 12:59:59,062 [Worker-35: Launching eureka-server - EurekaServerApplication] INFO  o.e.m.c.i.embedder.EclipseLogger - Using 'UTF-8' encoding to copy filtered properties files.
2022-09-05 12:59:59,063 [Worker-35: Launching eureka-server - EurekaServerApplication] INFO  o.e.m.c.i.embedder.EclipseLogger - Copying 1 resource
2022-09-05 12:59:59,066 [Worker-35: Launching eureka-server - EurekaServerApplication] INFO  o.e.m.c.i.embedder.EclipseLogger - Copying 0 resource
2022-09-05 12:59:59,068 [Worker-35: Launching eureka-server - EurekaServerApplication] INFO  o.e.m.c.i.embedder.EclipseLogger - Using 'UTF-8' encoding to copy filtered resources.
2022-09-05 12:59:59,069 [Worker-35: Launching eureka-server - EurekaServerApplication] INFO  o.e.m.c.i.embedder.EclipseLogger - Using 'UTF-8' encoding to copy filtered properties files.
2022-09-05 12:59:59,069 [Worker-35: Launching eureka-server - EurekaServerApplication] INFO  o.e.m.c.i.embedder.EclipseLogger - skip non existing resourceDirectory D:\microservice-workspace\eureka-server\src\test\resources
2022-09-05 13:11:20,394 [Worker-46: Import Getting Started Content] INFO  o.e.m.c.i.l.LifecycleMappingFactory - Using org.eclipse.m2e.jdt.JarLifecycleMapping lifecycle mapping for MavenProject: com.wipro.velocity:account-microservice:0.0.1-SNAPSHOT @ D:\microservice-workspace\account-microservice\pom.xml.
2022-09-05 13:11:24,400 [Worker-46: Import Getting Started Content] INFO  o.e.m.j.i.AbstractJavaProjectConfigurator - Adding source folder /account-microservice/src/main/java
2022-09-05 13:11:24,400 [Worker-46: Import Getting Started Content] INFO  o.e.m.j.i.AbstractJavaProjectConfigurator - Adding resource folder /account-microservice/src/main/resources
2022-09-05 13:11:24,403 [Worker-46: Import Getting Started Content] INFO  o.e.m.j.i.AbstractJavaProjectConfigurator - Adding resource folder /account-microservice/src/main/resources
2022-09-05 13:11:24,412 [Worker-46: Import Getting Started Content] INFO  o.e.m.j.i.AbstractJavaProjectConfigurator - Adding source folder /account-microservice/src/test/java
2022-09-05 13:11:29,640 [Worker-46: Import Getting Started Content] INFO  o.e.m.c.i.embedder.EclipseLogger - Using 'UTF-8' encoding to copy filtered resources.
2022-09-05 13:11:29,640 [Worker-46: Import Getting Started Content] INFO  o.e.m.c.i.embedder.EclipseLogger - Using 'UTF-8' encoding to copy filtered properties files.
2022-09-05 13:11:29,641 [Worker-46: Import Getting Started Content] INFO  o.e.m.c.i.embedder.EclipseLogger - Copying 1 resource
2022-09-05 13:11:29,645 [Worker-46: Import Getting Started Content] INFO  o.e.m.c.i.embedder.EclipseLogger - Copying 0 resource
2022-09-05 13:11:29,653 [Worker-46: Import Getting Started Content] INFO  o.e.m.c.i.embedder.EclipseLogger - Using 'UTF-8' encoding to copy filtered resources.
2022-09-05 13:11:29,653 [Worker-46: Import Getting Started Content] INFO  o.e.m.c.i.embedder.EclipseLogger - Using 'UTF-8' encoding to copy filtered properties files.
2022-09-05 13:11:29,653 [Worker-46: Import Getting Started Content] INFO  o.e.m.c.i.embedder.EclipseLogger - skip non existing resourceDirectory D:\microservice-workspace\account-microservice\src\test\resources
2022-09-05 13:11:30,881 [Worker-46: Import Getting Started Content] INFO  o.e.m.c.i.p.ProjectConfigurationManager - Imported and configured 1 project(s) in 13 sec
2022-09-05 13:11:30,884 [Worker-46: Import Getting Started Content] INFO  o.e.m.c.i.p.ProjectConfigurationManager - Update started
2022-09-05 13:11:31,854 [Worker-46: Import Getting Started Content] INFO  o.e.m.c.i.l.LifecycleMappingFactory - Using org.eclipse.m2e.jdt.JarLifecycleMapping lifecycle mapping for MavenProject: com.wipro.velocity:account-microservice:0.0.1-SNAPSHOT @ D:\microservice-workspace\account-microservice\pom.xml.
2022-09-05 13:11:34,566 [Worker-46: Import Getting Started Content] INFO  o.e.m.j.i.AbstractJavaProjectConfigurator - Adding source folder /account-microservice/src/main/java
2022-09-05 13:11:34,566 [Worker-46: Import Getting Started Content] INFO  o.e.m.j.i.AbstractJavaProjectConfigurator - Adding resource folder /account-microservice/src/main/resources
2022-09-05 13:11:34,566 [Worker-46: Import Getting Started Content] INFO  o.e.m.j.i.AbstractJavaProjectConfigurator - Adding resource folder /account-microservice/src/main/resources
2022-09-05 13:11:34,567 [Worker-46: Import Getting Started Content] INFO  o.e.m.j.i.AbstractJavaProjectConfigurator - Adding source folder /account-microservice/src/test/java
2022-09-05 13:11:35,918 [Worker-46: Import Getting Started Content] INFO  o.e.m.c.i.embedder.EclipseLogger - Using 'UTF-8' encoding to copy filtered resources.
2022-09-05 13:11:35,918 [Worker-46: Import Getting Started Content] INFO  o.e.m.c.i.embedder.EclipseLogger - Using 'UTF-8' encoding to copy filtered properties files.
2022-09-05 13:11:35,919 [Worker-46: Import Getting Started Content] INFO  o.e.m.c.i.embedder.EclipseLogger - Copying 1 resource
2022-09-05 13:11:35,921 [Worker-46: Import Getting Started Content] INFO  o.e.m.c.i.embedder.EclipseLogger - Copying 0 resource
2022-09-05 13:11:35,924 [Worker-46: Import Getting Started Content] INFO  o.e.m.c.i.embedder.EclipseLogger - Using 'UTF-8' encoding to copy filtered resources.
2022-09-05 13:11:35,924 [Worker-46: Import Getting Started Content] INFO  o.e.m.c.i.embedder.EclipseLogger - Using 'UTF-8' encoding to copy filtered properties files.
2022-09-05 13:11:35,924 [Worker-46: Import Getting Started Content] INFO  o.e.m.c.i.embedder.EclipseLogger - skip non existing resourceDirectory D:\microservice-workspace\account-microservice\src\test\resources
2022-09-05 13:11:36,370 [Worker-46: Import Getting Started Content] INFO  o.e.m.c.i.p.ProjectConfigurationManager - Update completed: 5 sec
2022-09-05 14:22:10,170 [Worker-71: Launching eureka-server - EurekaServerApplication] INFO  o.e.m.c.i.embedder.EclipseLogger - Using 'UTF-8' encoding to copy filtered resources.
2022-09-05 14:22:10,212 [Worker-71: Launching eureka-server - EurekaServerApplication] INFO  o.e.m.c.i.embedder.EclipseLogger - Using 'UTF-8' encoding to copy filtered properties files.
2022-09-05 14:22:10,213 [Worker-71: Launching eureka-server - EurekaServerApplication] INFO  o.e.m.c.i.embedder.EclipseLogger - Copying 1 resource
2022-09-05 14:22:10,319 [Worker-71: Launching eureka-server - EurekaServerApplication] INFO  o.e.m.c.i.embedder.EclipseLogger - Copying 0 resource
2022-09-05 14:22:10,320 [Worker-71: Launching eureka-server - EurekaServerApplication] INFO  o.e.m.c.i.embedder.EclipseLogger - Using 'UTF-8' encoding to copy filtered resources.
2022-09-05 14:22:10,320 [Worker-71: Launching eureka-server - EurekaServerApplication] INFO  o.e.m.c.i.embedder.EclipseLogger - Using 'UTF-8' encoding to copy filtered properties files.
2022-09-05 14:22:10,320 [Worker-71: Launching eureka-server - EurekaServerApplication] INFO  o.e.m.c.i.embedder.EclipseLogger - skip non existing resourceDirectory D:\microservice-workspace\eureka-server\src\test\resources
2022-09-05 14:22:13,301 [Worker-72: Launching account-microservice - AccountMicroserviceApplication] INFO  o.e.m.c.i.embedder.EclipseLogger - Using 'UTF-8' encoding to copy filtered resources.
2022-09-05 14:22:13,301 [Worker-72: Launching account-microservice - AccountMicroserviceApplication] INFO  o.e.m.c.i.embedder.EclipseLogger - Using 'UTF-8' encoding to copy filtered properties files.
2022-09-05 14:22:13,301 [Worker-72: Launching account-microservice - AccountMicroserviceApplication] INFO  o.e.m.c.i.embedder.EclipseLogger - Copying 1 resource
2022-09-05 14:22:13,364 [Worker-72: Launching account-microservice - AccountMicroserviceApplication] INFO  o.e.m.c.i.embedder.EclipseLogger - Copying 0 resource
2022-09-05 14:22:13,366 [Worker-72: Launching account-microservice - AccountMicroserviceApplication] INFO  o.e.m.c.i.embedder.EclipseLogger - Using 'UTF-8' encoding to copy filtered resources.
2022-09-05 14:22:13,366 [Worker-72: Launching account-microservice - AccountMicroserviceApplication] INFO  o.e.m.c.i.embedder.EclipseLogger - Using 'UTF-8' encoding to copy filtered properties files.
2022-09-05 14:22:13,366 [Worker-72: Launching account-microservice - AccountMicroserviceApplication] INFO  o.e.m.c.i.embedder.EclipseLogger - skip non existing resourceDirectory D:\microservice-workspace\account-microservice\src\test\resources
2022-09-05 14:26:05,603 [Worker-80: Updating Maven Project] INFO  o.e.m.c.i.p.ProjectConfigurationManager - Update started
2022-09-05 14:26:08,816 [Worker-80: Updating Maven Project] INFO  o.e.m.c.i.l.LifecycleMappingFactory - Using org.eclipse.m2e.jdt.JarLifecycleMapping lifecycle mapping for MavenProject: com.wipro.velocity:account-microservice:0.0.1-SNAPSHOT @ D:\microservice-workspace\account-microservice\pom.xml.
2022-09-05 14:26:13,762 [Worker-80: Updating Maven Project] INFO  o.e.m.j.i.AbstractJavaProjectConfigurator - Adding source folder /account-microservice/src/main/java
2022-09-05 14:26:13,762 [Worker-80: Updating Maven Project] INFO  o.e.m.j.i.AbstractJavaProjectConfigurator - Adding resource folder /account-microservice/src/main/resources
2022-09-05 14:26:13,762 [Worker-80: Updating Maven Project] INFO  o.e.m.j.i.AbstractJavaProjectConfigurator - Adding resource folder /account-microservice/src/main/resources
2022-09-05 14:26:13,763 [Worker-80: Updating Maven Project] INFO  o.e.m.j.i.AbstractJavaProjectConfigurator - Adding source folder /account-microservice/src/test/java
2022-09-05 14:26:18,429 [Worker-80: Updating Maven Project] INFO  o.e.m.c.i.embedder.EclipseLogger - Using 'UTF-8' encoding to copy filtered resources.
2022-09-05 14:26:18,429 [Worker-80: Updating Maven Project] INFO  o.e.m.c.i.embedder.EclipseLogger - Using 'UTF-8' encoding to copy filtered properties files.
2022-09-05 14:26:18,430 [Worker-80: Updating Maven Project] INFO  o.e.m.c.i.embedder.EclipseLogger - Copying 1 resource
2022-09-05 14:26:18,432 [Worker-80: Updating Maven Project] INFO  o.e.m.c.i.embedder.EclipseLogger - Copying 0 resource
2022-09-05 14:26:18,435 [Worker-80: Updating Maven Project] INFO  o.e.m.c.i.embedder.EclipseLogger - Using 'UTF-8' encoding to copy filtered resources.
2022-09-05 14:26:18,435 [Worker-80: Updating Maven Project] INFO  o.e.m.c.i.embedder.EclipseLogger - Using 'UTF-8' encoding to copy filtered properties files.
2022-09-05 14:26:18,435 [Worker-80: Updating Maven Project] INFO  o.e.m.c.i.embedder.EclipseLogger - skip non existing resourceDirectory D:\microservice-workspace\account-microservice\src\test\resources
2022-09-05 14:26:19,853 [Worker-80: Updating Maven Project] INFO  o.e.m.c.i.p.ProjectConfigurationManager - Update completed: 14 sec
2022-09-05 14:27:49,626 [Worker-81: Launching account-microservice - AccountMicroserviceApplication] INFO  o.e.m.c.i.embedder.EclipseLogger - Using 'UTF-8' encoding to copy filtered resources.
2022-09-05 14:27:49,626 [Worker-81: Launching account-microservice - AccountMicroserviceApplication] INFO  o.e.m.c.i.embedder.EclipseLogger - Using 'UTF-8' encoding to copy filtered properties files.
2022-09-05 14:27:49,627 [Worker-81: Launching account-microservice - AccountMicroserviceApplication] INFO  o.e.m.c.i.embedder.EclipseLogger - Copying 1 resource
2022-09-05 14:27:49,628 [Worker-81: Launching account-microservice - AccountMicroserviceApplication] INFO  o.e.m.c.i.embedder.EclipseLogger - Copying 0 resource
2022-09-05 14:27:49,632 [Worker-81: Launching account-microservice - AccountMicroserviceApplication] INFO  o.e.m.c.i.embedder.EclipseLogger - Using 'UTF-8' encoding to copy filtered resources.
2022-09-05 14:27:49,632 [Worker-81: Launching account-microservice - AccountMicroserviceApplication] INFO  o.e.m.c.i.embedder.EclipseLogger - Using 'UTF-8' encoding to copy filtered properties files.
2022-09-05 14:27:49,632 [Worker-81: Launching account-microservice - AccountMicroserviceApplication] INFO  o.e.m.c.i.embedder.EclipseLogger - skip non existing resourceDirectory D:\microservice-workspace\account-microservice\src\test\resources
2022-09-05 14:31:05,436 [Worker-75: Launching account-microservice - AccountMicroserviceApplication] INFO  o.e.m.c.i.embedder.EclipseLogger - Using 'UTF-8' encoding to copy filtered resources.
2022-09-05 14:31:05,436 [Worker-75: Launching account-microservice - AccountMicroserviceApplication] INFO  o.e.m.c.i.embedder.EclipseLogger - Using 'UTF-8' encoding to copy filtered properties files.
2022-09-05 14:31:05,437 [Worker-75: Launching account-microservice - AccountMicroserviceApplication] INFO  o.e.m.c.i.embedder.EclipseLogger - Copying 1 resource
2022-09-05 14:31:06,733 [Worker-75: Launching account-microservice - AccountMicroserviceApplication] INFO  o.e.m.c.i.embedder.EclipseLogger - Copying 0 resource
2022-09-05 14:31:06,735 [Worker-75: Launching account-microservice - AccountMicroserviceApplication] INFO  o.e.m.c.i.embedder.EclipseLogger - Using 'UTF-8' encoding to copy filtered resources.
2022-09-05 14:31:06,735 [Worker-75: Launching account-microservice - AccountMicroserviceApplication] INFO  o.e.m.c.i.embedder.EclipseLogger - Using 'UTF-8' encoding to copy filtered properties files.
2022-09-05 14:31:06,736 [Worker-75: Launching account-microservice - AccountMicroserviceApplication] INFO  o.e.m.c.i.embedder.EclipseLogger - skip non existing resourceDirectory D:\microservice-workspace\account-microservice\src\test\resources
2022-09-05 14:45:25,141 [Worker-81: Import Getting Started Content] INFO  o.e.m.c.i.l.LifecycleMappingFactory - Using org.eclipse.m2e.jdt.JarLifecycleMapping lifecycle mapping for MavenProject: com.wipro.velocity:user-microservice:0.0.1-SNAPSHOT @ D:\microservice-workspace\user-microservice\pom.xml.
2022-09-05 14:45:28,513 [Worker-81: Import Getting Started Content] INFO  o.e.m.j.i.AbstractJavaProjectConfigurator - Adding source folder /user-microservice/src/main/java
2022-09-05 14:45:28,514 [Worker-81: Import Getting Started Content] INFO  o.e.m.j.i.AbstractJavaProjectConfigurator - Adding resource folder /user-microservice/src/main/resources
2022-09-05 14:45:28,518 [Worker-81: Import Getting Started Content] INFO  o.e.m.j.i.AbstractJavaProjectConfigurator - Adding resource folder /user-microservice/src/main/resources
2022-09-05 14:45:28,521 [Worker-81: Import Getting Started Content] INFO  o.e.m.j.i.AbstractJavaProjectConfigurator - Adding source folder /user-microservice/src/test/java
2022-09-05 14:45:29,402 [Worker-81: Import Getting Started Content] INFO  o.e.m.c.i.embedder.EclipseLogger - Using 'UTF-8' encoding to copy filtered resources.
2022-09-05 14:45:29,402 [Worker-81: Import Getting Started Content] INFO  o.e.m.c.i.embedder.EclipseLogger - Using 'UTF-8' encoding to copy filtered properties files.
2022-09-05 14:45:29,402 [Worker-81: Import Getting Started Content] INFO  o.e.m.c.i.embedder.EclipseLogger - Copying 1 resource
2022-09-05 14:45:29,404 [Worker-81: Import Getting Started Content] INFO  o.e.m.c.i.embedder.EclipseLogger - Copying 0 resource
2022-09-05 14:45:29,405 [Worker-81: Import Getting Started Content] INFO  o.e.m.c.i.embedder.EclipseLogger - Using 'UTF-8' encoding to copy filtered resources.
2022-09-05 14:45:29,405 [Worker-81: Import Getting Started Content] INFO  o.e.m.c.i.embedder.EclipseLogger - Using 'UTF-8' encoding to copy filtered properties files.
2022-09-05 14:45:29,405 [Worker-81: Import Getting Started Content] INFO  o.e.m.c.i.embedder.EclipseLogger - skip non existing resourceDirectory D:\microservice-workspace\user-microservice\src\test\resources
2022-09-05 14:45:30,317 [Worker-81: Import Getting Started Content] INFO  o.e.m.c.i.p.ProjectConfigurationManager - Imported and configured 1 project(s) in 6 sec
2022-09-05 14:45:30,319 [Worker-81: Import Getting Started Content] INFO  o.e.m.c.i.p.ProjectConfigurationManager - Update started
2022-09-05 14:45:30,691 [Worker-81: Import Getting Started Content] INFO  o.e.m.c.i.l.LifecycleMappingFactory - Using org.eclipse.m2e.jdt.JarLifecycleMapping lifecycle mapping for MavenProject: com.wipro.velocity:user-microservice:0.0.1-SNAPSHOT @ D:\microservice-workspace\user-microservice\pom.xml.
2022-09-05 14:45:37,576 [Worker-81: Import Getting Started Content] INFO  o.e.m.j.i.AbstractJavaProjectConfigurator - Adding source folder /user-microservice/src/main/java
2022-09-05 14:45:37,576 [Worker-81: Import Getting Started Content] INFO  o.e.m.j.i.AbstractJavaProjectConfigurator - Adding resource folder /user-microservice/src/main/resources
2022-09-05 14:45:37,577 [Worker-81: Import Getting Started Content] INFO  o.e.m.j.i.AbstractJavaProjectConfigurator - Adding resource folder /user-microservice/src/main/resources
2022-09-05 14:45:37,578 [Worker-81: Import Getting Started Content] INFO  o.e.m.j.i.AbstractJavaProjectConfigurator - Adding source folder /user-microservice/src/test/java
2022-09-05 14:45:39,473 [Worker-81: Import Getting Started Content] INFO  o.e.m.c.i.embedder.EclipseLogger - Using 'UTF-8' encoding to copy filtered resources.
2022-09-05 14:45:39,474 [Worker-81: Import Getting Started Content] INFO  o.e.m.c.i.embedder.EclipseLogger - Using 'UTF-8' encoding to copy filtered properties files.
2022-09-05 14:45:39,476 [Worker-81: Import Getting Started Content] INFO  o.e.m.c.i.embedder.EclipseLogger - Copying 1 resource
2022-09-05 14:45:39,545 [Worker-81: Import Getting Started Content] INFO  o.e.m.c.i.embedder.EclipseLogger - Copying 0 resource
2022-09-05 14:45:39,548 [Worker-81: Import Getting Started Content] INFO  o.e.m.c.i.embedder.EclipseLogger - Using 'UTF-8' encoding to copy filtered resources.
2022-09-05 14:45:39,548 [Worker-81: Import Getting Started Content] INFO  o.e.m.c.i.embedder.EclipseLogger - Using 'UTF-8' encoding to copy filtered properties files.
2022-09-05 14:45:39,548 [Worker-81: Import Getting Started Content] INFO  o.e.m.c.i.embedder.EclipseLogger - skip non existing resourceDirectory D:\microservice-workspace\user-microservice\src\test\resources
2022-09-05 14:45:44,463 [Worker-81: Import Getting Started Content] INFO  o.e.m.c.i.p.ProjectConfigurationManager - Update completed: 14 sec
2022-09-05 14:50:21,935 [Worker-83: Launching user-microservice - UserMicroserviceApplication] INFO  o.e.m.c.i.embedder.EclipseLogger - Using 'UTF-8' encoding to copy filtered resources.
2022-09-05 14:50:21,936 [Worker-83: Launching user-microservice - UserMicroserviceApplication] INFO  o.e.m.c.i.embedder.EclipseLogger - Using 'UTF-8' encoding to copy filtered properties files.
2022-09-05 14:50:21,936 [Worker-83: Launching user-microservice - UserMicroserviceApplication] INFO  o.e.m.c.i.embedder.EclipseLogger - Copying 1 resource
2022-09-05 14:50:21,938 [Worker-83: Launching user-microservice - UserMicroserviceApplication] INFO  o.e.m.c.i.embedder.EclipseLogger - Copying 0 resource
2022-09-05 14:50:21,940 [Worker-83: Launching user-microservice - UserMicroserviceApplication] INFO  o.e.m.c.i.embedder.EclipseLogger - Using 'UTF-8' encoding to copy filtered resources.
2022-09-05 14:50:21,941 [Worker-83: Launching user-microservice - UserMicroserviceApplication] INFO  o.e.m.c.i.embedder.EclipseLogger - Using 'UTF-8' encoding to copy filtered properties files.
2022-09-05 14:50:21,941 [Worker-83: Launching user-microservice - UserMicroserviceApplication] INFO  o.e.m.c.i.embedder.EclipseLogger - skip non existing resourceDirectory D:\microservice-workspace\user-microservice\src\test\resources
2022-09-05 15:01:55,392 [Worker-93: Updating Maven Project] INFO  o.e.m.c.i.p.ProjectConfigurationManager - Update started
2022-09-05 15:02:00,643 [Worker-93: Updating Maven Project] INFO  o.e.m.c.i.l.LifecycleMappingFactory - Using org.eclipse.m2e.jdt.JarLifecycleMapping lifecycle mapping for MavenProject: com.wipro.velocity:user-microservice:0.0.1-SNAPSHOT @ D:\microservice-workspace\user-microservice\pom.xml.
2022-09-05 15:02:06,169 [Worker-93: Updating Maven Project] INFO  o.e.m.j.i.AbstractJavaProjectConfigurator - Adding source folder /user-microservice/src/main/java
2022-09-05 15:02:06,187 [Worker-93: Updating Maven Project] INFO  o.e.m.j.i.AbstractJavaProjectConfigurator - Adding resource folder /user-microservice/src/main/resources
2022-09-05 15:02:06,188 [Worker-93: Updating Maven Project] INFO  o.e.m.j.i.AbstractJavaProjectConfigurator - Adding resource folder /user-microservice/src/main/resources
2022-09-05 15:02:06,189 [Worker-93: Updating Maven Project] INFO  o.e.m.j.i.AbstractJavaProjectConfigurator - Adding source folder /user-microservice/src/test/java
2022-09-05 15:02:08,107 [Worker-93: Updating Maven Project] INFO  o.e.m.c.i.embedder.EclipseLogger - Using 'UTF-8' encoding to copy filtered resources.
2022-09-05 15:02:08,107 [Worker-93: Updating Maven Project] INFO  o.e.m.c.i.embedder.EclipseLogger - Using 'UTF-8' encoding to copy filtered properties files.
2022-09-05 15:02:08,111 [Worker-93: Updating Maven Project] INFO  o.e.m.c.i.embedder.EclipseLogger - Copying 1 resource
2022-09-05 15:02:08,129 [Worker-93: Updating Maven Project] INFO  o.e.m.c.i.embedder.EclipseLogger - Copying 0 resource
2022-09-05 15:02:08,132 [Worker-93: Updating Maven Project] INFO  o.e.m.c.i.embedder.EclipseLogger - Using 'UTF-8' encoding to copy filtered resources.
2022-09-05 15:02:08,132 [Worker-93: Updating Maven Project] INFO  o.e.m.c.i.embedder.EclipseLogger - Using 'UTF-8' encoding to copy filtered properties files.
2022-09-05 15:02:08,132 [Worker-93: Updating Maven Project] INFO  o.e.m.c.i.embedder.EclipseLogger - skip non existing resourceDirectory D:\microservice-workspace\user-microservice\src\test\resources
2022-09-05 15:02:12,507 [Worker-93: Updating Maven Project] INFO  o.e.m.c.i.p.ProjectConfigurationManager - Update completed: 17 sec
2022-09-05 15:09:22,075 [Worker-91: Launching user-microservice - UserMicroserviceApplication] INFO  o.e.m.c.i.embedder.EclipseLogger - Using 'UTF-8' encoding to copy filtered resources.
2022-09-05 15:09:22,076 [Worker-91: Launching user-microservice - UserMicroserviceApplication] INFO  o.e.m.c.i.embedder.EclipseLogger - Using 'UTF-8' encoding to copy filtered properties files.
2022-09-05 15:09:22,077 [Worker-91: Launching user-microservice - UserMicroserviceApplication] INFO  o.e.m.c.i.embedder.EclipseLogger - Copying 1 resource
2022-09-05 15:09:22,079 [Worker-91: Launching user-microservice - UserMicroserviceApplication] INFO  o.e.m.c.i.embedder.EclipseLogger - Copying 0 resource
2022-09-05 15:09:22,080 [Worker-91: Launching user-microservice - UserMicroserviceApplication] INFO  o.e.m.c.i.embedder.EclipseLogger - Using 'UTF-8' encoding to copy filtered resources.
2022-09-05 15:09:22,081 [Worker-91: Launching user-microservice - UserMicroserviceApplication] INFO  o.e.m.c.i.embedder.EclipseLogger - Using 'UTF-8' encoding to copy filtered properties files.
2022-09-05 15:09:22,081 [Worker-91: Launching user-microservice - UserMicroserviceApplication] INFO  o.e.m.c.i.embedder.EclipseLogger - skip non existing resourceDirectory D:\microservice-workspace\user-microservice\src\test\resources
